{"uuid":"ece8eaca-7d6d-4400-9cf3-a0249f08a6e8","historyId":"afa01947f761a92f3727811979ca844f","testCaseId":"[engine:junit-jupiter]/[class:functionalities.ads.editing.NegativeTest]/[method:checkNameFieldSQLInjectionVulnerability()]","testCaseName":"checkNameFieldSQLInjectionVulnerability()","fullName":"functionalities.ads.editing.NegativeTest.checkNameFieldSQLInjectionVulnerability","labels":[{"name":"junit.platform.uniqueid","value":"[engine:junit-jupiter]/[class:functionalities.ads.editing.NegativeTest]/[method:checkNameFieldSQLInjectionVulnerability()]"},{"name":"story","value":"Редактирование объявления"},{"name":"host","value":"Fblsbver-PC"},{"name":"thread","value":"14092@Fblsbver-PC.main(1)"},{"name":"framework","value":"junit-platform"},{"name":"language","value":"java"},{"name":"package","value":"functionalities.ads.editing.NegativeTest"},{"name":"testClass","value":"functionalities.ads.editing.NegativeTest"},{"name":"testMethod","value":"checkNameFieldSQLInjectionVulnerability"},{"name":"suite","value":"functionalities.ads.editing.NegativeTest"}],"links":[],"name":"checkNameFieldSQLInjectionVulnerability()","status":"failed","statusDetails":{"known":false,"muted":false,"flaky":false,"message":"Element not found {By.xpath: //div[@class='css-1cickmn'][0]}\r\nExpected: visible\r\nScreenshot: file:/E:/Java/educational%20projects/avito-task/build/reports/tests/1739638319701.1.png\r\nPage source: file:/E:/Java/educational%20projects/avito-task/build/reports/tests/1739638319701.1.html\r\nTimeout: 4 s.\r\nCaused by: NoSuchElementException: no such element: Unable to locate element: {\"method\":\"xpath\",\"selector\":\"//div[@class='css-1cickmn']\"}","trace":"Element not found {By.xpath: //div[@class='css-1cickmn'][0]}\r\nExpected: visible\r\nScreenshot: file:/E:/Java/educational%20projects/avito-task/build/reports/tests/1739638319701.1.png\r\nPage source: file:/E:/Java/educational%20projects/avito-task/build/reports/tests/1739638319701.1.html\r\nTimeout: 4 s.\r\nCaused by: NoSuchElementException: no such element: Unable to locate element: {\"method\":\"xpath\",\"selector\":\"//div[@class='css-1cickmn']\"}\r\n\tat com.codeborne.selenide.impl.CollectionElement.createElementNotFoundError(CollectionElement.java:58)\r\n\tat com.codeborne.selenide.impl.WebElementSource.handleError(WebElementSource.java:119)\r\n\tat com.codeborne.selenide.impl.WebElementSource.checkConditionAndReturnElement(WebElementSource.java:102)\r\n\tat com.codeborne.selenide.impl.WebElementSource.checkCondition(WebElementSource.java:78)\r\n\tat com.codeborne.selenide.commands.Should.execute(Should.java:24)\r\n\tat com.codeborne.selenide.FluentCommand.execute(FluentCommand.java:27)\r\n\tat com.codeborne.selenide.FluentCommand.execute(FluentCommand.java:19)\r\n\tat com.codeborne.selenide.commands.Commands.execute(Commands.java:160)\r\n\tat com.codeborne.selenide.impl.SelenideElementProxy.dispatchAndRetry(SelenideElementProxy.java:131)\r\n\tat com.codeborne.selenide.impl.SelenideElementProxy.invoke(SelenideElementProxy.java:83)\r\n\tat jdk.proxy2/jdk.proxy2.$Proxy18.shouldHave(Unknown Source)\r\n\tat pages.MainPage.checkIsAdVisible(MainPage.java:81)\r\n\tat pages.MainPage.searchAd(MainPage.java:44)\r\n\tat functionalities.ads.editing.NegativeTest.checkNameFieldSQLInjectionVulnerability(NegativeTest.java:127)\r\n\tat java.base/java.lang.reflect.Method.invoke(Method.java:580)\r\n\tat java.base/java.util.ArrayList.forEach(ArrayList.java:1597)\r\n\tat java.base/java.util.ArrayList.forEach(ArrayList.java:1597)\r\nCaused by: org.openqa.selenium.NoSuchElementException: no such element: Unable to locate element: {\"method\":\"xpath\",\"selector\":\"//div[@class='css-1cickmn']\"}\n  (Session info: chrome=132.0.6834.197)\nFor documentation on this error, please visit: https://www.selenium.dev/documentation/webdriver/troubleshooting/errors#no-such-element-exception\nBuild info: version: '4.28.0', revision: 'ac342546e9'\nSystem info: os.name: 'Windows 11', os.arch: 'amd64', os.version: '10.0', java.version: '23.0.2'\nDriver info: org.openqa.selenium.chrome.ChromeDriver\nCommand: [666af71ec0d34cf2c9af45d542f20017, findElement {using=xpath, value=//div[@class='css-1cickmn']}]\nCapabilities {acceptInsecureCerts: true, browserName: chrome, browserVersion: 132.0.6834.197, chrome: {chromedriverVersion: 132.0.6834.159 (2d77d3fc445..., userDataDir: C:\\Users\\fabls\\AppData\\Loca...}, fedcm:accounts: true, goog:chromeOptions: {debuggerAddress: localhost:62800}, networkConnectionEnabled: false, pageLoadStrategy: normal, platformName: windows, proxy: Proxy(), se:cdp: ws://localhost:62800/devtoo..., se:cdpVersion: 132.0.6834.197, setWindowRect: true, strictFileInteractability: false, timeouts: {implicit: 0, pageLoad: 300000, script: 30000}, unhandledPromptBehavior: accept, webauthn:extension:credBlob: true, webauthn:extension:largeBlob: true, webauthn:extension:minPinLength: true, webauthn:extension:prf: true, webauthn:virtualAuthenticators: true}\nSession ID: 666af71ec0d34cf2c9af45d542f20017\r\n\tat java.base/jdk.internal.reflect.DirectConstructorHandleAccessor.newInstance(DirectConstructorHandleAccessor.java:62)\r\n\tat java.base/java.lang.reflect.Constructor.newInstanceWithCaller(Constructor.java:501)\r\n\tat java.base/java.lang.reflect.Constructor.newInstance(Constructor.java:485)\r\n\tat org.openqa.selenium.remote.ErrorCodec.decode(ErrorCodec.java:167)\r\n\tat org.openqa.selenium.remote.codec.w3c.W3CHttpResponseCodec.decode(W3CHttpResponseCodec.java:138)\r\n\tat org.openqa.selenium.remote.codec.w3c.W3CHttpResponseCodec.decode(W3CHttpResponseCodec.java:50)\r\n\tat org.openqa.selenium.remote.HttpCommandExecutor.execute(HttpCommandExecutor.java:215)\r\n\tat org.openqa.selenium.remote.service.DriverCommandExecutor.invokeExecute(DriverCommandExecutor.java:216)\r\n\tat org.openqa.selenium.remote.service.DriverCommandExecutor.execute(DriverCommandExecutor.java:174)\r\n\tat org.openqa.selenium.remote.RemoteWebDriver.execute(RemoteWebDriver.java:545)\r\n\tat org.openqa.selenium.remote.ElementLocation$ElementFinder$2.findElement(ElementLocation.java:165)\r\n\tat org.openqa.selenium.remote.ElementLocation.findElement(ElementLocation.java:59)\r\n\tat org.openqa.selenium.remote.RemoteWebDriver.findElement(RemoteWebDriver.java:368)\r\n\tat org.openqa.selenium.remote.RemoteWebDriver.findElement(RemoteWebDriver.java:362)\r\n\tat com.codeborne.selenide.impl.WebElementSelector.findElement(WebElementSelector.java:64)\r\n\tat com.codeborne.selenide.impl.WebElementSelector.findElement(WebElementSelector.java:39)\r\n\tat com.codeborne.selenide.impl.WebElementSelector.findElement(WebElementSelector.java:30)\r\n\tat com.codeborne.selenide.impl.BySelectorCollection.getElement(BySelectorCollection.java:40)\r\n\tat com.codeborne.selenide.impl.CollectionElement.getWebElement(CollectionElement.java:42)\r\n\tat com.codeborne.selenide.impl.WebElementSource.checkConditionAndReturnElement(WebElementSource.java:91)\r\n\t... 14 more\r\n"},"stage":"finished","description":"Тест-кейс 8: Редактирование объявления с добавлением SQL скрипта в поле \"Название\"","steps":[],"attachments":[],"parameters":[],"start":1739638297646,"stop":1739638320059}